
build/bin/main.elf:     file format elf32-avr

Sections:
Idx Name          Size      VMA       LMA       File off  Algn
  0 .text         0000024a  00000000  00000000  000000d4  2**1
                  CONTENTS, ALLOC, LOAD, READONLY, CODE
  1 .data         00000000  00800060  0000024a  0000031e  2**0
                  CONTENTS, ALLOC, LOAD, DATA
  2 .bss          00000001  00800060  00800060  0000031e  2**0
                  ALLOC
  3 .fuse         00000003  00820000  00820000  0000031e  2**0
                  CONTENTS, ALLOC, LOAD, DATA
  4 .lock         00000001  00830000  00830000  00000321  2**0
                  CONTENTS, ALLOC, LOAD, DATA
  5 .comment      0000002f  00000000  00000000  00000322  2**0
                  CONTENTS, READONLY
  6 .note.gnu.avr.deviceinfo 00000040  00000000  00000000  00000354  2**2
                  CONTENTS, READONLY
  7 .debug_aranges 00000108  00000000  00000000  00000394  2**0
                  CONTENTS, READONLY, DEBUGGING
  8 .debug_info   00000f1a  00000000  00000000  0000049c  2**0
                  CONTENTS, READONLY, DEBUGGING
  9 .debug_abbrev 00000a80  00000000  00000000  000013b6  2**0
                  CONTENTS, READONLY, DEBUGGING
 10 .debug_line   00000799  00000000  00000000  00001e36  2**0
                  CONTENTS, READONLY, DEBUGGING
 11 .debug_frame  00000268  00000000  00000000  000025d0  2**2
                  CONTENTS, READONLY, DEBUGGING
 12 .debug_str    00000490  00000000  00000000  00002838  2**0
                  CONTENTS, READONLY, DEBUGGING
 13 .debug_loc    0000023c  00000000  00000000  00002cc8  2**0
                  CONTENTS, READONLY, DEBUGGING
 14 .debug_ranges 00000018  00000000  00000000  00002f04  2**0
                  CONTENTS, READONLY, DEBUGGING

Disassembly of section .text:

00000000 <__vectors>:
   0:	12 c0       	rjmp	.+36     	; 0x26 <__ctors_end>
   2:	21 c0       	rjmp	.+66     	; 0x46 <__bad_interrupt>
   4:	20 c0       	rjmp	.+64     	; 0x46 <__bad_interrupt>
   6:	1f c0       	rjmp	.+62     	; 0x46 <__bad_interrupt>
   8:	1e c0       	rjmp	.+60     	; 0x46 <__bad_interrupt>
   a:	1d c0       	rjmp	.+58     	; 0x46 <__bad_interrupt>
   c:	1c c0       	rjmp	.+56     	; 0x46 <__bad_interrupt>
   e:	1b c0       	rjmp	.+54     	; 0x46 <__bad_interrupt>
  10:	1a c0       	rjmp	.+52     	; 0x46 <__bad_interrupt>
  12:	19 c0       	rjmp	.+50     	; 0x46 <__bad_interrupt>
  14:	18 c0       	rjmp	.+48     	; 0x46 <__bad_interrupt>
  16:	50 c0       	rjmp	.+160    	; 0xb8 <__vector_11>
  18:	16 c0       	rjmp	.+44     	; 0x46 <__bad_interrupt>
  1a:	15 c0       	rjmp	.+42     	; 0x46 <__bad_interrupt>
  1c:	b7 c0       	rjmp	.+366    	; 0x18c <__vector_14>
  1e:	13 c0       	rjmp	.+38     	; 0x46 <__bad_interrupt>
  20:	12 c0       	rjmp	.+36     	; 0x46 <__bad_interrupt>
  22:	6d c0       	rjmp	.+218    	; 0xfe <__vector_17>
  24:	10 c0       	rjmp	.+32     	; 0x46 <__bad_interrupt>

00000026 <__ctors_end>:
  26:	11 24       	eor	r1, r1
  28:	1f be       	out	0x3f, r1	; 63
  2a:	cf e5       	ldi	r28, 0x5F	; 95
  2c:	d1 e0       	ldi	r29, 0x01	; 1
  2e:	de bf       	out	0x3e, r29	; 62
  30:	cd bf       	out	0x3d, r28	; 61

00000032 <__do_clear_bss>:
  32:	20 e0       	ldi	r18, 0x00	; 0
  34:	a0 e6       	ldi	r26, 0x60	; 96
  36:	b0 e0       	ldi	r27, 0x00	; 0
  38:	01 c0       	rjmp	.+2      	; 0x3c <.do_clear_bss_start>

0000003a <.do_clear_bss_loop>:
  3a:	1d 92       	st	X+, r1

0000003c <.do_clear_bss_start>:
  3c:	a1 36       	cpi	r26, 0x61	; 97
  3e:	b2 07       	cpc	r27, r18
  40:	e1 f7       	brne	.-8      	; 0x3a <.do_clear_bss_loop>
  42:	f9 d0       	rcall	.+498    	; 0x236 <main>
  44:	00 c1       	rjmp	.+512    	; 0x246 <_exit>

00000046 <__bad_interrupt>:
  46:	dc cf       	rjmp	.-72     	; 0x0 <__vectors>

00000048 <convert>:
// LB_MODE_1 does not enable any lock bits
LOCKBITS = LB_MODE_1;

void convert(uint16_t adc_val) {
    return;
}
  48:	08 95       	ret

0000004a <ADC_SingleShot>:


void ADC_SingleShot() {
    // Main function for the SingleShot mode of operation

    ADC_setup();
  4a:	40 d0       	rcall	.+128    	; 0xcc <ADC_setup>
    freqgen_setup();
  4c:	62 d0       	rcall	.+196    	; 0x112 <freqgen_setup>
    GPIO_setup();
  4e:	94 d0       	rcall	.+296    	; 0x178 <GPIO_setup>
    display_setup();
  50:	90 d0       	rcall	.+288    	; 0x172 <display_setup>

    freqgen_set(FREQGEN_N);
  52:	8c eb       	ldi	r24, 0xBC	; 188
  54:	92 e0       	ldi	r25, 0x02	; 2
  56:	74 d0       	rcall	.+232    	; 0x140 <freqgen_set>

    while (1) {
        if (GPIO_sample()) {
  58:	92 d0       	rcall	.+292    	; 0x17e <GPIO_sample>
  5a:	88 23       	and	r24, r24
  5c:	e9 f3       	breq	.-6      	; 0x58 <ADC_SingleShot+0xe>
            // Blink isn't so important as to interrupt this
            cli();
  5e:	f8 94       	cli

            // Disable peak holding
            GPIO_pk_clr_on();
  60:	90 d0       	rcall	.+288    	; 0x182 <GPIO_pk_clr_on>

            // Start frequency generator
            freqgen_enable();
  62:	63 d0       	rcall	.+198    	; 0x12a <freqgen_enable>

            // Wait approx 1ms for steady state
            delay_ms(1);
  64:	81 e0       	ldi	r24, 0x01	; 1
  66:	90 e0       	ldi	r25, 0x00	; 0
  68:	6e d0       	rcall	.+220    	; 0x146 <delay_ms>

            // Enable peak holding
            GPIO_pk_clr_off();
  6a:	8d d0       	rcall	.+282    	; 0x186 <GPIO_pk_clr_off>

            // Wait approx 5ms to stabilise
            delay_ms(5);
  6c:	85 e0       	ldi	r24, 0x05	; 5
  6e:	90 e0       	ldi	r25, 0x00	; 0
  70:	6a d0       	rcall	.+212    	; 0x146 <delay_ms>

            // Turn off freqgen to decrease noise
            freqgen_disable();
  72:	62 d0       	rcall	.+196    	; 0x138 <freqgen_disable>

            // ADC_sample invokes low-noise mode
            // which shuts off system clocks etc

            // Sample ADC
            uint16_t adc_val = ADC_sample();
  74:	30 d0       	rcall	.+96     	; 0xd6 <ADC_sample>

            // Clear peak holder
            GPIO_pk_clr_on();
  76:	85 d0       	rcall	.+266    	; 0x182 <GPIO_pk_clr_on>

            // Do some calculation
            convert(adc_val);

            // Output to display
            display_set_word(5);
  78:	85 e0       	ldi	r24, 0x05	; 5
  7a:	7d d0       	rcall	.+250    	; 0x176 <display_set_word>

            // Blink can keep on going
            sei();
  7c:	78 94       	sei

            // Wait a bit to avoid triggering too many times in one press
            delay_ms(300);
  7e:	8c e2       	ldi	r24, 0x2C	; 44
  80:	91 e0       	ldi	r25, 0x01	; 1
  82:	61 d0       	rcall	.+194    	; 0x146 <delay_ms>
  84:	e9 cf       	rjmp	.-46     	; 0x58 <ADC_SingleShot+0xe>

00000086 <freqgen_test>:

}


void freqgen_test() {
    freqgen_setup();
  86:	45 d0       	rcall	.+138    	; 0x112 <freqgen_setup>
    
    freqgen_set(FREQGEN_N);
  88:	8c eb       	ldi	r24, 0xBC	; 188
  8a:	92 e0       	ldi	r25, 0x02	; 2
  8c:	59 d0       	rcall	.+178    	; 0x140 <freqgen_set>

    freqgen_enable();
  8e:	4d c0       	rjmp	.+154    	; 0x12a <freqgen_enable>

00000090 <ADC_test>:
}

void ADC_test() {
    // Continusouly sample ADC and compare against some voltage threshold
    ADC_setup();
  90:	1d d0       	rcall	.+58     	; 0xcc <ADC_setup>

    // Configure pin PA4 as cutoff-led
    DDRA |= _BV(PA4);
  92:	d4 9a       	sbi	0x1a, 4	; 26
    DDRA |= _BV(PA5);
  94:	d5 9a       	sbi	0x1a, 5	; 26

    // Note formula for actual conversion value:
    // ADC = VIN / VCC * 1024 (ideally, without any errors)
    uint16_t cutoff2 = 820;
    uint16_t cutoff = ADC_sample() + 100; // About VCC/3 331 is edge
  96:	1f d0       	rcall	.+62     	; 0xd6 <ADC_sample>
  98:	ec 01       	movw	r28, r24
  9a:	cc 59       	subi	r28, 0x9C	; 156
  9c:	df 4f       	sbci	r29, 0xFF	; 255

    while (1) {
        uint16_t adc_val = ADC_sample();
  9e:	1b d0       	rcall	.+54     	; 0xd6 <ADC_sample>

        if (adc_val >= cutoff) {
  a0:	8c 17       	cp	r24, r28
  a2:	9d 07       	cpc	r25, r29
  a4:	30 f0       	brcs	.+12     	; 0xb2 <ADC_test+0x22>
            PORTA |= _BV(PA4);
  a6:	dc 9a       	sbi	0x1b, 4	; 27
            PORTA |= _BV(PA5);
  a8:	dd 9a       	sbi	0x1b, 5	; 27
    // ADC = VIN / VCC * 1024 (ideally, without any errors)
    uint16_t cutoff2 = 820;
    uint16_t cutoff = ADC_sample() + 100; // About VCC/3 331 is edge

    while (1) {
        uint16_t adc_val = ADC_sample();
  aa:	15 d0       	rcall	.+42     	; 0xd6 <ADC_sample>

        if (adc_val >= cutoff) {
  ac:	8c 17       	cp	r24, r28
  ae:	9d 07       	cpc	r25, r29
  b0:	d0 f7       	brcc	.-12     	; 0xa6 <ADC_test+0x16>
            PORTA |= _BV(PA4);
            PORTA |= _BV(PA5);
        } else {
            PORTA &= ~_BV(PA4);
  b2:	dc 98       	cbi	0x1b, 4	; 27
            PORTA &= ~_BV(PA5);
  b4:	dd 98       	cbi	0x1b, 5	; 27
  b6:	f3 cf       	rjmp	.-26     	; 0x9e <ADC_test+0xe>

000000b8 <__vector_11>:

#include <avr/io.h>
#include <avr/sleep.h>
#include <avr/interrupt.h>

ISR(ADC_vect) {
  b8:	1f 92       	push	r1
  ba:	0f 92       	push	r0
  bc:	0f b6       	in	r0, 0x3f	; 63
  be:	0f 92       	push	r0
  c0:	11 24       	eor	r1, r1
    // Turn off sleep mode
    //sleep_disable();
}
  c2:	0f 90       	pop	r0
  c4:	0f be       	out	0x3f, r0	; 63
  c6:	0f 90       	pop	r0
  c8:	1f 90       	pop	r1
  ca:	18 95       	reti

000000cc <ADC_setup>:

    // Reference set to VCC
    // Set ADC input
    //ADMUX |= 0x00; // Single-ended ADC0 (PA0)
    
    DIDR0 |= _BV(ADC0D);
  cc:	08 9a       	sbi	0x01, 0	; 1

    // Set clock prescaling
    // See datasheet section 15.5 (pg 144)
    // Want between 50-200kHz from 1MHz.
    // Division by 8 will achieve this.
    ADCSRA |= _BV(ADPS1) | _BV(ADPS0);
  ce:	86 b1       	in	r24, 0x06	; 6
  d0:	83 60       	ori	r24, 0x03	; 3
  d2:	86 b9       	out	0x06, r24	; 6
}
  d4:	08 95       	ret

000000d6 <ADC_sample>:

uint16_t ADC_sample() {
    // Enable ADC
    ADCSRA |= _BV(ADEN);
  d6:	37 9a       	sbi	0x06, 7	; 6
    //sleep_enable();
    //MCUCR |= _BV(SM0); // ADC noise reduction mode
    //sei();

    // Start conversion
    ADCSRA |= _BV(ADSC);
  d8:	36 9a       	sbi	0x06, 6	; 6

    // Wait for SE to be clear
    // Should happen immediately if all the sleep + wake stuff has worked
    while (1) {
        uint8_t se = (ADCSRA & _BV(ADSC));
        if (se == _BV(ADSC)) {
  da:	36 9b       	sbis	0x06, 6	; 6
  dc:	fe cf       	rjmp	.-4      	; 0xda <ADC_sample+0x4>
        }
    }

    // Extract data
    // ADCL must be read first.
    uint8_t adc_lower = ADCL;
  de:	24 b1       	in	r18, 0x04	; 4
    uint8_t adc_upper = ADCH;
  e0:	95 b1       	in	r25, 0x05	; 5

    // Data is right justified
    uint16_t adc_result = (adc_upper << 6) + adc_lower;
  e2:	89 2f       	mov	r24, r25
  e4:	90 e0       	ldi	r25, 0x00	; 0
  e6:	00 24       	eor	r0, r0
  e8:	96 95       	lsr	r25
  ea:	87 95       	ror	r24
  ec:	07 94       	ror	r0
  ee:	96 95       	lsr	r25
  f0:	87 95       	ror	r24
  f2:	07 94       	ror	r0
  f4:	98 2f       	mov	r25, r24
  f6:	80 2d       	mov	r24, r0

    
    return adc_result;
}
  f8:	82 0f       	add	r24, r18
  fa:	91 1d       	adc	r25, r1
  fc:	08 95       	ret

000000fe <__vector_17>:

// Decisions:
// 1. Output is going into OC1D
// 2. Want to use Normal Mode and "toggle Compare Output Mode"

ISR(TIMER1_COMPD_vect) {
  fe:	1f 92       	push	r1
 100:	0f 92       	push	r0
 102:	0f b6       	in	r0, 0x3f	; 63
 104:	0f 92       	push	r0
 106:	11 24       	eor	r1, r1

}
 108:	0f 90       	pop	r0
 10a:	0f be       	out	0x3f, r0	; 63
 10c:	0f 90       	pop	r0
 10e:	1f 90       	pop	r1
 110:	18 95       	reti

00000112 <freqgen_setup>:
void freqgen_setup() {
    // Clear prescaler
    //TCCR1B |= _BV(PSR1);

    // Set OCW1D to toggle on compare match mode
    TCCR1C |= _BV(COM1D0);
 112:	87 b5       	in	r24, 0x27	; 39
 114:	84 60       	ori	r24, 0x04	; 4
 116:	87 bd       	out	0x27, r24	; 39

    // Ensure PLL is off 
    // (Using 1MHz system clock as source)
    PLLCSR |= _BV(PCKE) | _BV(PLLE);
 118:	89 b5       	in	r24, 0x29	; 41
 11a:	86 60       	ori	r24, 0x06	; 6
 11c:	89 bd       	out	0x29, r24	; 41

    DDRB |= _BV(PB5);
 11e:	bd 9a       	sbi	0x17, 5	; 23

    // Turn on output compare interrupt
    TIMSK |= _BV(OCIE1D);
 120:	89 b7       	in	r24, 0x39	; 57
 122:	80 68       	ori	r24, 0x80	; 128
 124:	89 bf       	out	0x39, r24	; 57

    sei();
 126:	78 94       	sei
}
 128:	08 95       	ret

0000012a <freqgen_enable>:
    TCCR1B |= _BV(CS10);

}

void freqgen_disable() {
    TCCR1B &= ~(_BV(CS13) | _BV(CS12) | _BV(CS11) | _BV(CS10));
 12a:	8f b5       	in	r24, 0x2f	; 47
 12c:	80 7f       	andi	r24, 0xF0	; 240
 12e:	8f bd       	out	0x2f, r24	; 47
    sei();
}

void freqgen_enable() {
    freqgen_disable();
    TCCR1B |= _BV(CS10);
 130:	8f b5       	in	r24, 0x2f	; 47
 132:	81 60       	ori	r24, 0x01	; 1
 134:	8f bd       	out	0x2f, r24	; 47

}
 136:	08 95       	ret

00000138 <freqgen_disable>:

void freqgen_disable() {
    TCCR1B &= ~(_BV(CS13) | _BV(CS12) | _BV(CS11) | _BV(CS10));
 138:	8f b5       	in	r24, 0x2f	; 47
 13a:	80 7f       	andi	r24, 0xF0	; 240
 13c:	8f bd       	out	0x2f, r24	; 47
}
 13e:	08 95       	ret

00000140 <freqgen_set>:

void freqgen_set(uint16_t top) {
    uint8_t high = (top & 0xFF00) >> 8;
    uint8_t low = (top & 0xFF);

    TC1H = high;
 140:	95 bd       	out	0x25, r25	; 37
    OCR1C = top;
 142:	8b bd       	out	0x2b, r24	; 43
 144:	08 95       	ret

00000146 <delay_ms>:
// Defined at compiler invokation

// Fast CPU clock
// #define F_CPU 8000000UL

void delay_ms(int ms) {
 146:	9c 01       	movw	r18, r24
    // Just a busy loop
    uint16_t top = ms * 250;
 148:	88 0f       	add	r24, r24
 14a:	99 1f       	adc	r25, r25
 14c:	82 95       	swap	r24
 14e:	92 95       	swap	r25
 150:	90 7f       	andi	r25, 0xF0	; 240
 152:	98 27       	eor	r25, r24
 154:	80 7f       	andi	r24, 0xF0	; 240
 156:	98 27       	eor	r25, r24
 158:	82 1b       	sub	r24, r18
 15a:	93 0b       	sbc	r25, r19
 15c:	88 0f       	add	r24, r24
 15e:	99 1f       	adc	r25, r25
 160:	88 0f       	add	r24, r24
 162:	99 1f       	adc	r25, r25
 164:	82 0f       	add	r24, r18
 166:	93 1f       	adc	r25, r19
 168:	88 0f       	add	r24, r24
 16a:	99 1f       	adc	r25, r25
    milliseconds can be achieved.
 */
void
_delay_loop_2(uint16_t __count)
{
	__asm__ volatile (
 16c:	01 97       	sbiw	r24, 0x01	; 1
 16e:	f1 f7       	brne	.-4      	; 0x16c <__stack+0xd>

    _delay_loop_2(top);
 170:	08 95       	ret

00000172 <display_setup>:

#include <inttypes.h>

void display_setup() {

}
 172:	08 95       	ret

00000174 <display_set_digit>:

void display_set_digit(uint8_t digit, uint8_t value) {

}
 174:	08 95       	ret

00000176 <display_set_word>:

void display_set_word(uint8_t word) {

 176:	08 95       	ret

00000178 <GPIO_setup>:
// DDXN sets data pin direction
// PORTXN is the value of the pin, read or write
// PINXN 

void GPIO_setup() {
    DDRB |= _BV(PIN_PK_CLR); // PB4 is output
 178:	bc 9a       	sbi	0x17, 4	; 23
    PORTB |= _BV(PIN_SW); // PB6 has pull-up
 17a:	c6 9a       	sbi	0x18, 6	; 24
}
 17c:	08 95       	ret

0000017e <GPIO_sample>:

    // Or on
    // return true;
    
    //return PINB & _BV(PIN_SW);
}
 17e:	80 e0       	ldi	r24, 0x00	; 0
 180:	08 95       	ret

00000182 <GPIO_pk_clr_on>:

void GPIO_pk_clr_on() {
    PORTB |= _BV(PIN_PK_CLR);
 182:	c4 9a       	sbi	0x18, 4	; 24
}
 184:	08 95       	ret

00000186 <GPIO_pk_clr_off>:

void GPIO_pk_clr_off() {
    PORTB &= ~_BV(PIN_PK_CLR);
 186:	c4 98       	cbi	0x18, 4	; 24
}
 188:	08 95       	ret

0000018a <GPIO_pk_clr_pulse>:

void GPIO_pk_clr_pulse() {
    
 18a:	08 95       	ret

0000018c <__vector_14>:
#include <avr/interrupt.h>
#include <avr/io.h>

static volatile bool led_on;

ISR(TIMER0_COMPA_vect) {
 18c:	1f 92       	push	r1
 18e:	0f 92       	push	r0
 190:	0f b6       	in	r0, 0x3f	; 63
 192:	0f 92       	push	r0
 194:	11 24       	eor	r1, r1
 196:	8f 93       	push	r24
    cli();
 198:	f8 94       	cli
    TCNT0H = 0;
 19a:	14 ba       	out	0x14, r1	; 20
    TCNT0L = 0;
 19c:	12 be       	out	0x32, r1	; 50

    if (led_on) {
 19e:	80 91 60 00 	lds	r24, 0x0060	; 0x800060 <__DATA_REGION_ORIGIN__>
 1a2:	81 11       	cpse	r24, r1
 1a4:	0d c0       	rjmp	.+26     	; 0x1c0 <__vector_14+0x34>
        PORTB &= _BV(PIN_BLINK);
    } else {
        PORTB |= _BV(PIN_BLINK);
 1a6:	c3 9a       	sbi	0x18, 3	; 24
    }

    led_on = ~led_on;
 1a8:	80 91 60 00 	lds	r24, 0x0060	; 0x800060 <__DATA_REGION_ORIGIN__>
 1ac:	81 e0       	ldi	r24, 0x01	; 1
 1ae:	80 93 60 00 	sts	0x0060, r24	; 0x800060 <__DATA_REGION_ORIGIN__>
    sei();
 1b2:	78 94       	sei
}
 1b4:	8f 91       	pop	r24
 1b6:	0f 90       	pop	r0
 1b8:	0f be       	out	0x3f, r0	; 63
 1ba:	0f 90       	pop	r0
 1bc:	1f 90       	pop	r1
 1be:	18 95       	reti
    cli();
    TCNT0H = 0;
    TCNT0L = 0;

    if (led_on) {
        PORTB &= _BV(PIN_BLINK);
 1c0:	88 b3       	in	r24, 0x18	; 24
 1c2:	88 70       	andi	r24, 0x08	; 8
 1c4:	88 bb       	out	0x18, r24	; 24
 1c6:	f0 cf       	rjmp	.-32     	; 0x1a8 <__vector_14+0x1c>

000001c8 <blink_setup>:
    const uint16_t top = 977;

    uint8_t top_low = top & 0xFF;
    uint8_t top_high = (top >> 8) & 0xFF;

    led_on = true;
 1c8:	81 e0       	ldi	r24, 0x01	; 1
 1ca:	80 93 60 00 	sts	0x0060, r24	; 0x800060 <__DATA_REGION_ORIGIN__>

    // Ensure timer is halted
    TCCR0B |= _BV(TSM);
 1ce:	83 b7       	in	r24, 0x33	; 51
 1d0:	80 61       	ori	r24, 0x10	; 16
 1d2:	83 bf       	out	0x33, r24	; 51
    TCCR0B |= _BV(PSR0);
 1d4:	83 b7       	in	r24, 0x33	; 51
 1d6:	88 60       	ori	r24, 0x08	; 8
 1d8:	83 bf       	out	0x33, r24	; 51

    TCCR0A |= _BV(TCW0);
 1da:	af 9a       	sbi	0x15, 7	; 21
    OCR0B = top_high;
 1dc:	83 e0       	ldi	r24, 0x03	; 3
 1de:	82 bb       	out	0x12, r24	; 18

    OCR0A = top_low;
 1e0:	81 ed       	ldi	r24, 0xD1	; 209
 1e2:	83 bb       	out	0x13, r24	; 19

    // Ensure clock is initially cleared
    // If it isn't then oopsies
    TCNT0H = 0;
 1e4:	14 ba       	out	0x14, r1	; 20
    TCNT0L = 0;
 1e6:	12 be       	out	0x32, r1	; 50

    // Enable interrupt 
    TIMSK |= _BV(OCIE0A);
 1e8:	89 b7       	in	r24, 0x39	; 57
 1ea:	80 61       	ori	r24, 0x10	; 16
 1ec:	89 bf       	out	0x39, r24	; 57
    sei();
 1ee:	78 94       	sei

    // Prepare clock select
    TCCR0B |= _BV(CS02) | _BV(CS00);
 1f0:	83 b7       	in	r24, 0x33	; 51
 1f2:	85 60       	ori	r24, 0x05	; 5
 1f4:	83 bf       	out	0x33, r24	; 51

    // Start clock
    TCCR0B &= ~_BV(TSM);
 1f6:	83 b7       	in	r24, 0x33	; 51
 1f8:	8f 7e       	andi	r24, 0xEF	; 239
 1fa:	83 bf       	out	0x33, r24	; 51

    DDRB |= _BV(PIN_BLINK);
 1fc:	bb 9a       	sbi	0x17, 3	; 23
    
    PORTB |= _BV(PIN_BLINK);
 1fe:	c3 9a       	sbi	0x18, 3	; 24
 200:	08 95       	ret

00000202 <serial_setup>:
#define PIN_SS PA3
#define PIN_UCK PA2

void serial_setup() {
    // SPI
    USICR |= _BV(USIWM0) | _BV(USICS1) | _BV(USICLK);
 202:	8d b1       	in	r24, 0x0d	; 13
 204:	8a 61       	ori	r24, 0x1A	; 26
 206:	8d b9       	out	0x0d, r24	; 13

    // Setup pins
    DDRA |= _BV(PIN_DO) | _BV(PIN_SS) | _BV(PIN_UCK);
 208:	8a b3       	in	r24, 0x1a	; 26
 20a:	8e 60       	ori	r24, 0x0E	; 14
 20c:	8a bb       	out	0x1a, r24	; 26
    PORTA |= _BV(PIN_SS);
 20e:	db 9a       	sbi	0x1b, 3	; 27
}
 210:	08 95       	ret

00000212 <serial_print>:
    // Begin transfer is one is available
    // Just do the whole thing in one go in a slow loop
    // Don't seem to be able to do this asynchronously

    // Pull slave-select down
    PORTA &= ~_BV(PIN_SS);
 212:	db 98       	cbi	0x1b, 3	; 27

    for (uint8_t i = 0; i < len; i++) {
 214:	66 23       	and	r22, r22
 216:	69 f0       	breq	.+26     	; 0x232 <serial_print+0x20>
 218:	fc 01       	movw	r30, r24
 21a:	61 50       	subi	r22, 0x01	; 1
 21c:	01 96       	adiw	r24, 0x01	; 1
 21e:	68 0f       	add	r22, r24
 220:	79 2f       	mov	r23, r25
 222:	71 1d       	adc	r23, r1
        USIDR = data[i];
 224:	81 91       	ld	r24, Z+
 226:	8f b9       	out	0x0f, r24	; 15
        
        // "Release" counter
        USISR |= _BV(USIOIF);
 228:	76 9a       	sbi	0x0e, 6	; 14
        
        // Strobe the clock until the counter overflow flag is set (?)
        while (USISR & _BV(USIOIF) != _BV(USIOIF)) {
 22a:	8e b1       	in	r24, 0x0e	; 14
    // Don't seem to be able to do this asynchronously

    // Pull slave-select down
    PORTA &= ~_BV(PIN_SS);

    for (uint8_t i = 0; i < len; i++) {
 22c:	6e 17       	cp	r22, r30
 22e:	7f 07       	cpc	r23, r31
 230:	c9 f7       	brne	.-14     	; 0x224 <serial_print+0x12>
            // Slow the transfer down a tiny bit
            _delay_loop_1(4);
        }
    }

    PORTA |= _BV(PIN_SS);
 232:	db 9a       	sbi	0x1b, 3	; 27
}
 234:	08 95       	ret

00000236 <main>:


int main() {
    // On LED

    DDRB |= _BV(PB3);
 236:	bb 9a       	sbi	0x17, 3	; 23
    PORTB |= _BV(PB3);
 238:	c3 9a       	sbi	0x18, 3	; 24

}


void freqgen_test() {
    freqgen_setup();
 23a:	6b df       	rcall	.-298    	; 0x112 <freqgen_setup>
    
    freqgen_set(FREQGEN_N);
 23c:	8c eb       	ldi	r24, 0xBC	; 188
 23e:	92 e0       	ldi	r25, 0x02	; 2
 240:	7f df       	rcall	.-258    	; 0x140 <freqgen_set>

    freqgen_enable();
 242:	73 df       	rcall	.-282    	; 0x12a <freqgen_enable>
    PORTB |= _BV(PB3);

    //blink_setup();

    freqgen_test();
    ADC_test();
 244:	25 df       	rcall	.-438    	; 0x90 <ADC_test>

00000246 <_exit>:
 246:	f8 94       	cli

00000248 <__stop_program>:
 248:	ff cf       	rjmp	.-2      	; 0x248 <__stop_program>
